
6월 02, 2023 14:37:12.644 NEW SESSION
6월 02, 2023 14:37:12.644 [12564:10344:0602/143712.643:ERROR:mcs_client.cc(750)] Received close command, resetting connection.

6월 07, 2023 09:34:36.692 NEW SESSION
6월 07, 2023 09:34:36.692 [10616:8796:0607/093436.691:ERROR:connection_factory_impl.cc(471)] ConnectionHandler failed with net error: -2
6월 07, 2023 11:39:52.435 [3960:1740:0607/113952.435:ERROR:interface_endpoint_client.cc(697)] Message 1 rejected by interface blink.mojom.WidgetHost

6월 09, 2023 09:46:12.658 NEW SESSION
6월 09, 2023 09:46:12.658 [6044:6212:0609/094612.657:ERROR:interface_endpoint_client.cc(697)] Message 1 rejected by interface blink.mojom.WidgetHost
6월 09, 2023 09:46:12.658 [6044:6212:0609/094612.657:ERROR:interface_endpoint_client.cc(697)] Message 1 rejected by interface blink.mojom.WidgetHost
6월 09, 2023 09:50:29.399 [992:10340:0609/095029.399:ERROR:interface_endpoint_client.cc(697)] Message 1 rejected by interface blink.mojom.WidgetHost
6월 09, 2023 10:20:53.210 [9100:10128:0609/102053.209:ERROR:interface_endpoint_client.cc(697)] Message 1 rejected by interface blink.mojom.WidgetHost
6월 09, 2023 10:20:53.210 [9100:10128:0609/102053.209:ERROR:interface_endpoint_client.cc(697)] Message 1 rejected by interface blink.mojom.WidgetHost
6월 09, 2023 10:27:33.08 [6284:9128:0609/102733.007:ERROR:interface_endpoint_client.cc(697)] Message 1 rejected by interface blink.mojom.WidgetHost

6월 12, 2023 10:18:12.691 NEW SESSION
6월 12, 2023 10:18:12.691 [8468:2712:0612/101812.690:ERROR:connection_factory_impl.cc(428)] Failed to connect to MCS endpoint with error -105
6월 12, 2023 10:18:46.971 [8468:2712:0612/101846.971:ERROR:connection_factory_impl.cc(428)] Failed to connect to MCS endpoint with error -105
6월 12, 2023 10:19:52.675 [8468:2712:0612/101952.675:ERROR:connection_factory_impl.cc(428)] Failed to connect to MCS endpoint with error -105

6월 12, 2023 13:16:12.598 NEW SESSION
6월 12, 2023 13:16:12.598 [12812:4296:0612/131612.597:ERROR:interface_endpoint_client.cc(697)] Message 1 rejected by interface blink.mojom.WidgetHost
6월 12, 2023 13:23:04.408 [12812:4296:0612/132304.408:ERROR:interface_endpoint_client.cc(697)] Message 1 rejected by interface blink.mojom.WidgetHost

6월 13, 2023 09:37:07.230 NEW SESSION
6월 13, 2023 09:37:07.230 [8768:10972:0613/093707.230:ERROR:CONSOLE(1)] "One popover is already visible", source: devtools://devtools/bundled/devtools-frontend/front_end/ui/legacy/legacy.js (1)
6월 13, 2023 10:05:33.160 [11036:11188:0613/100533.160:ERROR:interface_endpoint_client.cc(697)] Message 1 rejected by interface blink.mojom.WidgetHost

6월 13, 2023 12:52:24.183 NEW SESSION
6월 13, 2023 12:52:24.183 [11024:6156:0613/125224.181:ERROR:interface_endpoint_client.cc(697)] Message 1 rejected by interface blink.mojom.WidgetHost
6월 13, 2023 12:56:32.293 [11024:6156:0613/125632.293:ERROR:interface_endpoint_client.cc(697)] Message 1 rejected by interface blink.mojom.WidgetHost

6월 15, 2023 10:26:52.201 NEW SESSION
6월 15, 2023 10:26:52.201 [12964:12960:0615/102652.199:ERROR:interface_endpoint_client.cc(697)] Message 1 rejected by interface blink.mojom.WidgetHost
6월 15, 2023 11:13:39.254 [12348:8476:0615/111339.254:ERROR:interface_endpoint_client.cc(697)] Message 1 rejected by interface blink.mojom.WidgetHost
6월 15, 2023 11:35:42.494 [13136:10920:0615/113542.494:ERROR:interface_endpoint_client.cc(697)] Message 1 rejected by interface blink.mojom.WidgetHost
6월 15, 2023 11:44:06.719 [4632:8636:0615/114406.719:ERROR:interface_endpoint_client.cc(697)] Message 1 rejected by interface blink.mojom.WidgetHost
